Internal ctest changing into directory: D:/projects/2024-misis-fall/misis2024f-24-01-kuznetsov-m-a/build.check
Test project D:/projects/2024-misis-fall/misis2024f-24-01-kuznetsov-m-a/build.check
    Start 1: doctest_arrayd
    Start 2: doctest_arrayt
    Start 3: doctest_complex
    Start 4: doctest_complex_io
    Start 5: doctest_rational
    Start 6: doctest_rational_io
    Start 7: doctest_queuea
    Start 8: doctest_stackl
1/8 Test #1: doctest_arrayd ...................***Timeout  12.06 sec
2/8 Test #2: doctest_arrayt ...................***Timeout  12.03 sec
3/8 Test #3: doctest_complex ..................***Timeout  11.20 sec
4/8 Test #4: doctest_complex_io ...............***Timeout  11.14 sec
5/8 Test #5: doctest_rational .................***Timeout  10.25 sec
6/8 Test #6: doctest_rational_io ..............***Timeout   2.76 sec
7/8 Test #7: doctest_queuea ...................***Timeout   0.41 sec
8/8 Test #8: doctest_stackl ...................***Timeout   0.25 sec

0% tests passed, 8 tests failed out of 8

Total Test time (real) =  12.07 sec

The following tests FAILED:
	  1 - doctest_arrayd (Timeout)
	  2 - doctest_arrayt (Timeout)
	  3 - doctest_complex (Timeout)
	  4 - doctest_complex_io (Timeout)
	  5 - doctest_rational (Timeout)
	  6 - doctest_rational_io (Timeout)
	  7 - doctest_queuea (Timeout)
	  8 - doctest_stackl (Timeout)
